[08:07:59] 🚀 Auto-refresh scheduled for: Every hour on the hour (e.g., 7:00, 8:00, 9:00...)
[08:07:59]    Press Ctrl+C to stop
[08:07:59] 🚀 Starting Ngọc Trinh Chat Service...
[08:08:04] 🌤️ Fetching weather data...
[08:08:08] ✅ Weather data updated.
[08:08:08] 📥 Downloading from Google Sheets...
[08:08:10] ✅ Downloaded Ops: 275,383 bytes
[08:08:14] ✅ Downloaded HR: 1,864,081 bytes
[08:08:16] ✅ Downloaded OPR: 237,577 bytes
[08:08:17] 📅 Report date from Excel: 2026-05-13
[08:08:17] ✅ Extracted 15 AMs from GTC report.
[08:08:17] ✅ Extracted 15 AMs from TTS GTC report.
/Library/Frameworks/Python.framework/Versions/3.14/lib/python3.14/site-packages/openpyxl/packaging/relationship.py:118: UserWarning: xl/pivotCache/_rels/pivotCacheDefinition1.xml.rels contains invalid dependency definitions
  warn(msg)
/Library/Frameworks/Python.framework/Versions/3.14/lib/python3.14/site-packages/openpyxl/packaging/relationship.py:118: UserWarning: xl/pivotCache/_rels/pivotCacheDefinition2.xml.rels contains invalid dependency definitions
  warn(msg)
/Library/Frameworks/Python.framework/Versions/3.14/lib/python3.14/site-packages/openpyxl/packaging/relationship.py:118: UserWarning: xl/pivotCache/_rels/pivotCacheDefinition3.xml.rels contains invalid dependency definitions
  warn(msg)
/Library/Frameworks/Python.framework/Versions/3.14/lib/python3.14/site-packages/openpyxl/packaging/relationship.py:118: UserWarning: xl/pivotCache/_rels/pivotCacheDefinition4.xml.rels contains invalid dependency definitions
  warn(msg)
/Library/Frameworks/Python.framework/Versions/3.14/lib/python3.14/site-packages/openpyxl/packaging/relationship.py:118: UserWarning: xl/pivotCache/_rels/pivotCacheDefinition5.xml.rels contains invalid dependency definitions
  warn(msg)
/Library/Frameworks/Python.framework/Versions/3.14/lib/python3.14/site-packages/openpyxl/packaging/relationship.py:118: UserWarning: xl/pivotCache/_rels/pivotCacheDefinition6.xml.rels contains invalid dependency definitions
  warn(msg)
/Library/Frameworks/Python.framework/Versions/3.14/lib/python3.14/site-packages/openpyxl/packaging/relationship.py:118: UserWarning: xl/pivotCache/_rels/pivotCacheDefinition7.xml.rels contains invalid dependency definitions
  warn(msg)
/Library/Frameworks/Python.framework/Versions/3.14/lib/python3.14/site-packages/openpyxl/packaging/relationship.py:118: UserWarning: xl/pivotCache/_rels/pivotCacheDefinition8.xml.rels contains invalid dependency definitions
  warn(msg)
/Library/Frameworks/Python.framework/Versions/3.14/lib/python3.14/site-packages/openpyxl/packaging/relationship.py:118: UserWarning: xl/pivotCache/_rels/pivotCacheDefinition9.xml.rels contains invalid dependency definitions
  warn(msg)
/Library/Frameworks/Python.framework/Versions/3.14/lib/python3.14/site-packages/openpyxl/packaging/relationship.py:118: UserWarning: xl/pivotCache/_rels/pivotCacheDefinition10.xml.rels contains invalid dependency definitions
  warn(msg)
/Library/Frameworks/Python.framework/Versions/3.14/lib/python3.14/site-packages/openpyxl/packaging/relationship.py:118: UserWarning: xl/pivotCache/_rels/pivotCacheDefinition11.xml.rels contains invalid dependency definitions
  warn(msg)
/Library/Frameworks/Python.framework/Versions/3.14/lib/python3.14/site-packages/openpyxl/packaging/relationship.py:118: UserWarning: xl/pivotCache/_rels/pivotCacheDefinition12.xml.rels contains invalid dependency definitions
  warn(msg)
/Library/Frameworks/Python.framework/Versions/3.14/lib/python3.14/site-packages/openpyxl/packaging/relationship.py:118: UserWarning: xl/pivotCache/_rels/pivotCacheDefinition13.xml.rels contains invalid dependency definitions
  warn(msg)
[08:08:19] ✅ HR data extracted (AM + BC detailed)
[08:08:20] ✅ OPR Matrix extracted
[08:08:20] 📈 [HISTORY UPDATE] Provincial GTC History updated for 2026-05-13
[08:08:20] 📈 [HISTORY UPDATE] KPI History updated for 2026-05-13
[08:08:20] 📊 Data extracted: GTC=15, BC=65, TTS=65, LuyKe=1,771,071,532
[08:08:20] 🔨 Building dashboard.html...
[REPAIR] Recalculating grand_total_gtc_tts from gtc_tts_tinh.
[REPAIR] Data repair completed and saved.
Dashboard created! Size: 319140 bytes
[08:08:20] ✅ Dashboard updated!
[08:08:20] 🔧 Running Smart Data Repair...
[08:08:20] 🔄 Extracting data...
[08:08:20] ⚠️ Extract script not found or failed, running build directly
[08:08:20] 🏗️ Building dashboard...
[08:08:20] ✅ Dashboard built! Dashboard created! Size: 319140 bytes
[09:00:25] ⏰ Scheduled time reached: 9:00. Starting refresh...
[09:00:25] 🌤️ Fetching weather data...
[09:00:36] ✅ Weather data updated.
[09:00:36] 📥 Downloading from Google Sheets...
[09:00:38] ✅ Downloaded Ops: 275,713 bytes
[09:00:44] ✅ Downloaded HR: 1,864,660 bytes
[09:00:47] ✅ Downloaded OPR: 237,577 bytes
[09:00:47] 📅 Report date from Excel: 2026-05-13
[09:00:47] ✅ Extracted 15 AMs from GTC report.
[09:00:47] ✅ Extracted 15 AMs from TTS GTC report.
[09:00:50] ✅ HR data extracted (AM + BC detailed)
[09:00:50] ✅ OPR Matrix extracted
[09:00:50] 📈 [HISTORY UPDATE] Provincial GTC History updated for 2026-05-13
[09:00:50] 📈 [HISTORY UPDATE] KPI History updated for 2026-05-13
[09:00:50] 📊 Data extracted: GTC=15, BC=65, TTS=65, LuyKe=1,771,071,532
[09:00:50] 🔨 Building dashboard.html...
[REPAIR] Recalculating grand_total_gtc_tts from gtc_tts_tinh.
[REPAIR] Data repair completed and saved.
Dashboard created! Size: 319521 bytes
[09:00:50] ✅ Dashboard updated!
[09:00:50] 🔧 Running Smart Data Repair...
[09:00:50] 🔄 Extracting data...
[09:00:50] ⚠️ Extract script not found or failed, running build directly
[09:00:50] 🏗️ Building dashboard...
[09:00:50] ✅ Dashboard built! Dashboard created! Size: 319521 bytes
[09:00:50] ✅ Refresh completed for 9:00. Next check in 30s.
[10:00:26] ⏰ Scheduled time reached: 10:00. Starting refresh...
[10:00:26] 🌤️ Fetching weather data...
[10:00:38] ✅ Weather data updated.
[10:00:38] 📥 Downloading from Google Sheets...
[10:00:42] ✅ Downloaded Ops: 275,708 bytes
[10:00:46] ✅ Downloaded HR: 1,864,663 bytes
[10:00:49] ✅ Downloaded OPR: 237,577 bytes
[10:00:49] 📅 Report date from Excel: 2026-05-13
[10:00:49] ✅ Extracted 15 AMs from GTC report.
[10:00:49] ✅ Extracted 15 AMs from TTS GTC report.
[10:00:52] ✅ HR data extracted (AM + BC detailed)
[10:00:52] ✅ OPR Matrix extracted
[10:00:52] 📈 [HISTORY UPDATE] Provincial GTC History updated for 2026-05-13
[10:00:52] 📈 [HISTORY UPDATE] KPI History updated for 2026-05-13
[10:00:52] 📊 Data extracted: GTC=15, BC=65, TTS=65, LuyKe=1,771,071,532
[10:00:52] 🔨 Building dashboard.html...
[REPAIR] Recalculating grand_total_gtc_tts from gtc_tts_tinh.
[REPAIR] Data repair completed and saved.
Dashboard created! Size: 319521 bytes
[10:00:52] ✅ Dashboard updated!
[10:00:52] 🔧 Running Smart Data Repair...
[10:00:52] 🔄 Extracting data...
[10:00:52] ⚠️ Extract script not found or failed, running build directly
[10:00:52] 🏗️ Building dashboard...
[10:00:53] ✅ Dashboard built! Dashboard created! Size: 319521 bytes
[10:00:53] ✅ Refresh completed for 10:00. Next check in 30s.
[11:00:27] ⏰ Scheduled time reached: 11:00. Starting refresh...
[11:00:27] 🌤️ Fetching weather data...
[11:00:38] ✅ Weather data updated.
[11:00:38] 📥 Downloading from Google Sheets...
[11:00:40] ✅ Downloaded Ops: 275,710 bytes
[11:00:45] ✅ Downloaded HR: 1,864,654 bytes
[11:00:48] ✅ Downloaded OPR: 237,577 bytes
[11:00:48] 📅 Report date from Excel: 2026-05-13
[11:00:48] ✅ Extracted 15 AMs from GTC report.
[11:00:48] ✅ Extracted 15 AMs from TTS GTC report.
[11:00:51] ✅ HR data extracted (AM + BC detailed)
[11:00:51] ✅ OPR Matrix extracted
[11:00:51] 📈 [HISTORY UPDATE] Provincial GTC History updated for 2026-05-13
[11:00:51] 📈 [HISTORY UPDATE] KPI History updated for 2026-05-13
[11:00:51] 📊 Data extracted: GTC=15, BC=65, TTS=65, LuyKe=1,771,071,532
[11:00:51] 🔨 Building dashboard.html...
[REPAIR] Recalculating grand_total_gtc_tts from gtc_tts_tinh.
[REPAIR] Data repair completed and saved.
Dashboard created! Size: 319521 bytes
[11:00:51] ✅ Dashboard updated!
[11:00:51] 🔧 Running Smart Data Repair...
[11:00:51] 🔄 Extracting data...
[11:00:51] ⚠️ Extract script not found or failed, running build directly
[11:00:51] 🏗️ Building dashboard...
[11:00:52] ✅ Dashboard built! Dashboard created! Size: 319521 bytes
[11:00:52] ✅ Refresh completed for 11:00. Next check in 30s.
