2026-05-12 20:57:50 [INFO] FIX: Recalculating grand_total_gtc_tts from gtc_tts_tinh.
2026-05-12 20:57:50 [INFO] FIX: Recalculating ns_total shortage.
2026-05-12 20:57:50 [INFO] FIX: Data repair completed and saved.
2026-05-12 20:58:02 [INFO] Data validation passed. No fixes needed.
2026-05-12 21:00:58 [INFO] FIX: Recalculating grand_total_gtc_tts from gtc_tts_tinh.
2026-05-12 21:00:58 [INFO] FIX: Recalculating ns_total shortage.
2026-05-12 21:00:58 [INFO] FIX: Data repair completed and saved.
2026-05-12 21:00:58 [INFO] Data validation passed. No fixes needed.
2026-05-12 22:00:49 [INFO] FIX: Recalculating grand_total_gtc_tts from gtc_tts_tinh.
2026-05-12 22:00:49 [INFO] FIX: Recalculating ns_total shortage.
2026-05-12 22:00:49 [INFO] FIX: Data repair completed and saved.
2026-05-12 22:00:49 [INFO] Data validation passed. No fixes needed.
2026-05-13 06:56:40 [INFO] FIX: Recalculating grand_total_gtc_tts from gtc_tts_tinh.
2026-05-13 06:56:40 [INFO] FIX: Recalculating ns_total shortage.
2026-05-13 06:56:40 [INFO] FIX: Data repair completed and saved.
2026-05-13 06:56:40 [INFO] Data validation passed. No fixes needed.
2026-05-13 06:56:40 [INFO] Data validation passed. No fixes needed.
2026-05-13 07:00:44 [INFO] FIX: Recalculating grand_total_gtc_tts from gtc_tts_tinh.
2026-05-13 07:00:44 [INFO] FIX: Recalculating ns_total shortage.
2026-05-13 07:00:44 [INFO] FIX: Data repair completed and saved.
2026-05-13 07:00:44 [INFO] Data validation passed. No fixes needed.
2026-05-13 07:00:44 [INFO] Data validation passed. No fixes needed.
2026-05-13 08:00:43 [INFO] FIX: Recalculating grand_total_gtc_tts from gtc_tts_tinh.
2026-05-13 08:00:43 [INFO] FIX: Recalculating ns_total shortage.
2026-05-13 08:00:43 [INFO] FIX: Data repair completed and saved.
2026-05-13 08:00:44 [INFO] Data validation passed. No fixes needed.
2026-05-13 08:00:44 [INFO] Data validation passed. No fixes needed.
2026-05-13 08:09:44 [INFO] FIX: Recalculating grand_total_gtc_tts from gtc_tts_tinh.
2026-05-13 08:09:44 [INFO] FIX: Recalculating ns_total shortage.
2026-05-13 08:09:44 [INFO] FIX: Data repair completed and saved.
2026-05-13 08:09:44 [INFO] Data validation passed. No fixes needed.
2026-05-13 08:09:44 [INFO] Data validation passed. No fixes needed.
2026-05-13 08:13:53 [INFO] FIX: Recalculating grand_total_gtc_tts from gtc_tts_tinh.
2026-05-13 08:13:53 [INFO] FIX: Recalculating ns_total shortage.
2026-05-13 08:13:53 [INFO] FIX: Data repair completed and saved.
2026-05-13 08:13:53 [INFO] Data validation passed. No fixes needed.
2026-05-13 08:13:53 [INFO] Data validation passed. No fixes needed.
2026-05-13 08:17:01 [INFO] FIX: Recalculating grand_total_gtc_tts from gtc_tts_tinh.
2026-05-13 08:17:01 [INFO] FIX: Recalculating ns_total shortage.
2026-05-13 08:17:01 [INFO] FIX: Data repair completed and saved.
2026-05-13 08:17:01 [INFO] Data validation passed. No fixes needed.
2026-05-13 08:17:01 [INFO] Data validation passed. No fixes needed.
2026-05-13 08:21:19 [INFO] Data validation passed. No fixes needed.
2026-05-13 08:22:45 [INFO] Data validation passed. No fixes needed.
2026-05-13 08:57:05 [INFO] Data validation passed. No fixes needed.
2026-05-13 09:00:38 [INFO] FIX: Recalculating grand_total_gtc_tts from gtc_tts_tinh.
2026-05-13 09:00:38 [INFO] FIX: Recalculating ns_total shortage.
2026-05-13 09:00:38 [INFO] FIX: Data repair completed and saved.
2026-05-13 09:00:38 [INFO] Data validation passed. No fixes needed.
2026-05-13 09:00:38 [INFO] Data validation passed. No fixes needed.
2026-05-13 09:10:15 [INFO] Data validation passed. No fixes needed.
2026-05-13 09:12:13 [INFO] Data validation passed. No fixes needed.
2026-05-13 09:13:47 [INFO] Data validation passed. No fixes needed.
2026-05-13 09:34:09 [INFO] Data validation passed. No fixes needed.
2026-05-13 09:34:50 [INFO] Data validation passed. No fixes needed.
2026-05-13 10:00:45 [INFO] FIX: Recalculating grand_total_gtc_tts from gtc_tts_tinh.
2026-05-13 10:00:45 [INFO] FIX: Recalculating ns_total shortage.
2026-05-13 10:00:45 [INFO] FIX: Data repair completed and saved.
2026-05-13 10:00:45 [INFO] Data validation passed. No fixes needed.
2026-05-13 10:00:45 [INFO] Data validation passed. No fixes needed.
2026-05-13 10:26:15 [INFO] FIX: Recalculating grand_total_gtc_tts from gtc_tts_tinh.
2026-05-13 10:26:15 [INFO] FIX: Data repair completed and saved.
2026-05-13 10:26:15 [INFO] Data validation passed. No fixes needed.
2026-05-13 10:26:15 [INFO] Data validation passed. No fixes needed.
2026-05-13 10:31:54 [INFO] FIX: Recalculating grand_total_gtc_tts from gtc_tts_tinh.
2026-05-13 10:31:54 [INFO] FIX: Data repair completed and saved.
2026-05-13 10:31:54 [INFO] FIX: Data repair completed and saved.
2026-05-13 10:31:54 [INFO] Data validation passed. No fixes needed.
2026-05-13 10:37:25 [INFO] FIX: Recalculating grand_total_gtc_tts from gtc_tts_tinh.
2026-05-13 10:37:25 [INFO] FIX: Data repair completed and saved.
2026-05-13 10:37:25 [INFO] Data validation passed. No fixes needed.
2026-05-13 10:37:25 [INFO] Data validation passed. No fixes needed.
2026-05-13 10:40:29 [INFO] FIX: Recalculating grand_total_gtc_tts from gtc_tts_tinh.
2026-05-13 10:40:29 [INFO] FIX: Data repair completed and saved.
2026-05-13 10:40:29 [INFO] Data validation passed. No fixes needed.
2026-05-13 10:40:29 [INFO] Data validation passed. No fixes needed.
2026-05-13 10:48:54 [INFO] FIX: Recalculating grand_total_gtc_tts from gtc_tts_tinh.
2026-05-13 10:48:54 [INFO] FIX: Data repair completed and saved.
2026-05-13 10:50:02 [INFO] FIX: Recalculating grand_total_gtc_tts from gtc_tts_tinh.
2026-05-13 10:50:02 [INFO] FIX: Data repair completed and saved.
2026-05-13 10:50:02 [INFO] Data validation passed. No fixes needed.
2026-05-13 10:50:02 [INFO] Data validation passed. No fixes needed.
2026-05-13 10:50:51 [INFO] FIX: Recalculating grand_total_gtc_tts from gtc_tts_tinh.
2026-05-13 10:50:51 [INFO] FIX: Data repair completed and saved.
2026-05-13 10:50:51 [INFO] Data validation passed. No fixes needed.
2026-05-13 10:50:51 [INFO] Data validation passed. No fixes needed.
2026-05-13 10:51:33 [INFO] FIX: Recalculating grand_total_gtc_tts from gtc_tts_tinh.
2026-05-13 10:51:33 [INFO] FIX: Data repair completed and saved.
2026-05-13 10:51:33 [INFO] Data validation passed. No fixes needed.
2026-05-13 10:51:33 [INFO] Data validation passed. No fixes needed.
2026-05-13 10:57:47 [INFO] FIX: Recalculating grand_total_gtc_tts from gtc_tts_tinh.
2026-05-13 10:57:47 [INFO] FIX: Data repair completed and saved.
2026-05-13 10:57:47 [INFO] Data validation passed. No fixes needed.
2026-05-13 10:57:47 [INFO] Data validation passed. No fixes needed.
2026-05-13 11:00:50 [INFO] FIX: Repaired ns_am shortage for Phan Thanh Thức: 0.0 -> 2.0
2026-05-13 11:00:50 [INFO] FIX: Repaired ns_am shortage for Trần Nhật Thương: 0.0 -> 1.0
2026-05-13 11:00:50 [INFO] FIX: Repaired ns_am shortage for Nguyễn Hoàng Anh: 0.0 -> 2.0
2026-05-13 11:00:50 [INFO] FIX: Repaired ns_am shortage for Nguyễn Ngọc Hà: 0.0 -> 4.0
2026-05-13 11:00:50 [INFO] FIX: Repaired ns_am shortage for Nguyễn Văn Sáng: 0.0 -> 7.0
2026-05-13 11:00:50 [INFO] FIX: Repaired ns_am shortage for Phan Thị Mỹ Chi: 0.0 -> 2.0
2026-05-13 11:00:50 [INFO] FIX: Repaired ns_am shortage for Ngô Thị Bích Trâm: 0.0 -> 5.0
2026-05-13 11:00:50 [INFO] FIX: Repaired ns_am shortage for Nguyễn Công Luận: 0.0 -> 7.0
2026-05-13 11:00:50 [INFO] FIX: Repaired ns_am shortage for Huỳnh Thị Mới: 0.0 -> 1.0
2026-05-13 11:00:50 [INFO] FIX: Repaired ns_am shortage for Lê Trọng Khiêm: 0.0 -> 1.0
2026-05-13 11:00:50 [INFO] FIX: Repaired ns_bc shortage for Bưu Cục 565 Trần Phú-Tuy Phước-Bình Định: 0.0 -> 1.0
2026-05-13 11:00:50 [INFO] FIX: Repaired ns_bc shortage for Bưu Cục 263 Đống Đa-Quy Nhơn-Bình Định: 0.0 -> 2.0
2026-05-13 11:00:50 [INFO] FIX: Repaired ns_bc shortage for Bưu Cục 21 Tây Sơn-Xã Phù Mỹ-Bình Định: 0.0 -> 1.0
2026-05-13 11:00:50 [INFO] FIX: Repaired ns_bc shortage for Bưu Cục Đường 3 Tháng 2-Xã Phù Cát-Bình Định: 0.0 -> 1.0
2026-05-13 11:00:50 [INFO] FIX: Repaired ns_bc shortage for Bưu Cục 159 Tân Quảng-EaTóh-Krông Năng-Đắk Lắk: 0.0 -> 1.0
2026-05-13 11:00:50 [INFO] FIX: Repaired ns_bc shortage for Bưu Cục TDP3 Thị Trấn Krông Kmart-Krông Bông-Đắk Lắk: 0.0 -> 1.0
2026-05-13 11:00:50 [INFO] FIX: Repaired ns_bc shortage for Bưu Cục 225 Phạm Văn Đồng-Buôn Ma Thuột-Đắk Lắk: 0.0 -> 1.0
2026-05-13 11:00:50 [INFO] FIX: Repaired ns_bc shortage for Bưu Cục 01 An Bình-Ea KNốp-Ea Kar-Đắk Lắk: 0.0 -> 2.0
2026-05-13 11:00:50 [INFO] FIX: Repaired ns_bc shortage for Bưu Cục Thôn Tân Lập Quốc Lộ 26-Xã Cư M'ta-M'Đrắk-Đăk Lắk: 0.0 -> 1.0
2026-05-13 11:00:50 [INFO] FIX: Repaired ns_bc shortage for Bưu Cục 125 Lý Chính Thắng-Buôn Ma Thuột-Đắk Lắk: 0.0 -> 1.0
2026-05-13 11:00:50 [INFO] FIX: Repaired ns_bc shortage for Bưu Cục Km 30 Tân Hòa-Buôn Đôn-Đắk Lắk: 0.0 -> 1.0
2026-05-13 11:00:50 [INFO] FIX: Repaired ns_bc shortage for Bưu Cục Ea Phê-Krông Pắk-Đắk Lắk: 0.0 -> 2.0
2026-05-13 11:00:50 [INFO] FIX: Repaired ns_bc shortage for Bưu Cục 34 Quang Trung-Eakar-Đắk Lắk: 0.0 -> 3.0
2026-05-13 11:00:50 [INFO] FIX: Repaired ns_bc shortage for Bưu Cục 03 Trần Hưng Đạo-Krông Pắc-Đắk Lắk: 0.0 -> 2.0
2026-05-13 11:00:50 [INFO] FIX: Repaired ns_bc shortage for Bưu cục 499 Phạm Văn Đồng-Pleiku-Gia Lai: 0.0 -> 2.0
2026-05-13 11:00:50 [INFO] FIX: Repaired ns_bc shortage for Bưu Cục 153 Hùng Vương-Ia Grai-Gia Lai: 0.0 -> 2.0
2026-05-13 11:00:50 [INFO] FIX: Repaired ns_bc shortage for Bưu Cục 172 Hùng Vương-Chư Prông-Gia Lai: 0.0 -> 2.0
2026-05-13 11:00:50 [INFO] FIX: Repaired ns_bc shortage for Bưu cục 236A Nguyễn Huệ-Đak Đoa-Gia Lai: 0.0 -> 1.0
2026-05-13 11:00:50 [INFO] FIX: Repaired ns_bc shortage for Bưu Cục 56 Đường 17 Tháng 3-Chư Sê-Gia Lai: 0.0 -> 3.0
2026-05-13 11:00:50 [INFO] FIX: Repaired ns_bc shortage for Bưu Cục 172 Quang Trung-Đức Cơ-Gia Lai: 0.0 -> 2.0
2026-05-13 11:00:50 [INFO] FIX: Repaired ns_bc shortage for Bưu Cục 138 Hùng Vương-Phú Thiện-Gia Lai: 0.0 -> 2.0
2026-05-13 11:00:50 [INFO] FIX: Repaired ns_bc shortage for Bưu Cục Thị Trấn Phú Thứ-Tây Hoà-Phú Yên: 0.0 -> 1.0
2026-05-13 11:00:50 [INFO] FIX: Repaired ns_bc shortage for Bưu Cục Thôn Đông Phước-Phú Hòa-Phú Yên: 0.0 -> 1.0
2026-05-13 11:00:50 [INFO] FIX: Recalculating grand_total_gtc_tts from gtc_tts_tinh.
2026-05-13 11:00:50 [INFO] FIX: Recalculating ns_total shortage.
2026-05-13 11:00:50 [INFO] FIX: Data repair completed and saved.
2026-05-13 11:00:50 [INFO] Data validation passed. No fixes needed.
2026-05-13 11:00:51 [INFO] Data validation passed. No fixes needed.
2026-05-13 12:06:30 [INFO] Data validation passed. No fixes needed.
2026-05-13 12:07:27 [INFO] Data validation passed. No fixes needed.
2026-05-13 12:07:42 [INFO] Data validation passed. No fixes needed.
2026-05-13 12:08:27 [INFO] Data validation passed. No fixes needed.
2026-05-13 12:17:47 [INFO] Data validation passed. No fixes needed.
2026-05-13 12:18:10 [INFO] Data validation passed. No fixes needed.
2026-05-13 12:19:54 [INFO] Data validation passed. No fixes needed.
2026-05-13 12:25:38 [INFO] Data validation passed. No fixes needed.
2026-05-13 12:27:57 [INFO] Data validation passed. No fixes needed.
2026-05-13 12:28:18 [INFO] Data validation passed. No fixes needed.
2026-05-13 12:29:06 [INFO] Data validation passed. No fixes needed.
2026-05-13 12:30:47 [INFO] Data validation passed. No fixes needed.
2026-05-13 12:33:25 [INFO] Data validation passed. No fixes needed.
2026-05-13 12:35:01 [INFO] Data validation passed. No fixes needed.
2026-05-13 12:37:30 [INFO] Data validation passed. No fixes needed.
2026-05-13 12:43:57 [INFO] Data validation passed. No fixes needed.
2026-05-13 12:48:05 [INFO] Data validation passed. No fixes needed.
2026-05-13 12:51:02 [INFO] Data validation passed. No fixes needed.
2026-05-13 12:53:42 [INFO] Data validation passed. No fixes needed.
2026-05-13 12:56:01 [INFO] Data validation passed. No fixes needed.
2026-05-13 13:00:36 [INFO] Data validation passed. No fixes needed.
2026-05-13 13:02:03 [INFO] Data validation passed. No fixes needed.
2026-05-13 13:05:02 [INFO] Data validation passed. No fixes needed.
2026-05-13 13:10:38 [INFO] Data validation passed. No fixes needed.
2026-05-13 13:11:29 [INFO] Data validation passed. No fixes needed.
2026-05-13 13:14:34 [INFO] Data validation passed. No fixes needed.
2026-05-13 13:22:27 [INFO] FIX: Recalculating grand_total_gtc_tts from gtc_tts_tinh.
2026-05-13 13:22:27 [INFO] FIX: Recalculating ns_total shortage.
2026-05-13 13:22:27 [INFO] FIX: Data repair completed and saved.
2026-05-13 13:23:00 [INFO] Data validation passed. No fixes needed.
2026-05-13 13:25:32 [INFO] Data validation passed. No fixes needed.
2026-05-13 13:36:46 [INFO] FIX: Recalculating grand_total_gtc_tts from gtc_tts_tinh.
2026-05-13 13:36:46 [INFO] FIX: Recalculating ns_total shortage.
2026-05-13 13:36:46 [INFO] FIX: Data repair completed and saved.
2026-05-13 13:38:42 [INFO] FIX: Recalculating grand_total_gtc_tts from gtc_tts_tinh.
2026-05-13 13:38:42 [INFO] FIX: Data repair completed and saved.
2026-05-13 15:34:47 [INFO] FIX: Recalculating grand_total_gtc_tts from gtc_tts_tinh.
2026-05-13 15:34:47 [INFO] FIX: Data repair completed and saved.
2026-05-13 15:34:47 [INFO] Data validation passed. No fixes needed.
2026-05-13 15:34:47 [INFO] Data validation passed. No fixes needed.
2026-05-14 08:06:40 [INFO] FIX: Recalculating grand_total_gtc_tts from gtc_tts_tinh.
2026-05-14 08:06:40 [INFO] FIX: Data repair completed and saved.
2026-05-14 08:06:40 [INFO] Data validation passed. No fixes needed.
2026-05-14 08:06:40 [INFO] Data validation passed. No fixes needed.
2026-05-14 08:08:20 [INFO] FIX: Recalculating grand_total_gtc_tts from gtc_tts_tinh.
2026-05-14 08:08:20 [INFO] FIX: Data repair completed and saved.
2026-05-14 08:08:20 [INFO] Data validation passed. No fixes needed.
2026-05-14 08:08:20 [INFO] Data validation passed. No fixes needed.
2026-05-14 08:12:17 [INFO] Data validation passed. No fixes needed.
2026-05-14 08:22:35 [INFO] Data validation passed. No fixes needed.
2026-05-14 08:23:37 [INFO] Data validation passed. No fixes needed.
2026-05-14 09:00:50 [INFO] FIX: Recalculating grand_total_gtc_tts from gtc_tts_tinh.
2026-05-14 09:00:50 [INFO] FIX: Data repair completed and saved.
2026-05-14 09:00:50 [INFO] Data validation passed. No fixes needed.
2026-05-14 09:00:50 [INFO] Data validation passed. No fixes needed.
2026-05-14 09:15:40 [INFO] Data validation passed. No fixes needed.
2026-05-14 10:00:52 [INFO] FIX: Recalculating grand_total_gtc_tts from gtc_tts_tinh.
2026-05-14 10:00:52 [INFO] FIX: Data repair completed and saved.
2026-05-14 10:00:52 [INFO] Data validation passed. No fixes needed.
2026-05-14 10:00:52 [INFO] Data validation passed. No fixes needed.
2026-05-14 11:00:51 [INFO] FIX: Recalculating grand_total_gtc_tts from gtc_tts_tinh.
2026-05-14 11:00:51 [INFO] FIX: Data repair completed and saved.
2026-05-14 11:00:51 [INFO] Data validation passed. No fixes needed.
2026-05-14 11:00:52 [INFO] Data validation passed. No fixes needed.
2026-05-14 15:54:13 [INFO] Data validation passed. No fixes needed.
2026-05-14 16:01:33 [INFO] Data validation passed. No fixes needed.
2026-05-14 18:10:00 [INFO] Data validation passed. No fixes needed.
2026-05-15 08:06:26 [INFO] Data validation passed. No fixes needed.
2026-05-15 08:09:26 [INFO] FIX: Recalculating grand_total_gtc_tts from gtc_tts_tinh.
2026-05-15 08:09:26 [INFO] FIX: Data repair completed and saved.
2026-05-15 08:10:27 [INFO] FIX: Recalculating grand_total_gtc_tts from gtc_tts_tinh.
2026-05-15 08:10:27 [INFO] FIX: Data repair completed and saved.
2026-05-15 08:14:07 [INFO] FIX: Recalculating grand_total_gtc_tts from gtc_tts_tinh.
2026-05-15 08:14:07 [INFO] FIX: Data repair completed and saved.
2026-05-15 08:14:55 [INFO] FIX: Recalculating grand_total_gtc_tts from gtc_tts_tinh.
2026-05-15 08:14:55 [INFO] FIX: Data repair completed and saved.
2026-05-15 08:20:56 [INFO] Data validation passed. No fixes needed.
2026-05-15 08:30:38 [INFO] FIX: Recalculating grand_total_gtc_tts from gtc_tts_tinh.
2026-05-15 08:30:38 [INFO] FIX: Data repair completed and saved.
2026-05-15 08:49:13 [INFO] Data validation passed. No fixes needed.
2026-05-15 09:00:49 [INFO] FIX: Recalculating grand_total_gtc_tts from gtc_tts_tinh.
2026-05-15 09:00:49 [INFO] FIX: Data repair completed and saved.
2026-05-15 09:04:46 [INFO] Data validation passed. No fixes needed.
2026-05-15 09:07:47 [INFO] Data validation passed. No fixes needed.
2026-05-15 09:10:16 [INFO] FIX: Recalculating grand_total_gtc_tts from gtc_tts_tinh.
2026-05-15 09:10:16 [INFO] FIX: Data repair completed and saved.
2026-05-15 09:15:43 [INFO] Data validation passed. No fixes needed.
2026-05-15 09:16:50 [INFO] Data validation passed. No fixes needed.
2026-05-15 09:19:02 [INFO] Data validation passed. No fixes needed.
2026-05-15 09:20:20 [INFO] Data validation passed. No fixes needed.
2026-05-15 09:23:24 [INFO] Data validation passed. No fixes needed.
2026-05-15 09:30:32 [INFO] Data validation passed. No fixes needed.
2026-05-15 09:32:13 [INFO] Data validation passed. No fixes needed.
2026-05-15 09:34:02 [INFO] Data validation passed. No fixes needed.
2026-05-15 09:35:14 [INFO] Data validation passed. No fixes needed.
2026-05-15 09:36:35 [INFO] Data validation passed. No fixes needed.
2026-05-15 09:44:37 [INFO] Data validation passed. No fixes needed.
2026-05-15 09:48:51 [INFO] Data validation passed. No fixes needed.
2026-05-15 09:51:56 [INFO] Data validation passed. No fixes needed.
2026-05-15 09:53:12 [INFO] Data validation passed. No fixes needed.
2026-05-15 10:00:51 [INFO] FIX: Recalculating grand_total_gtc_tts from gtc_tts_tinh.
2026-05-15 10:00:51 [INFO] FIX: Data repair completed and saved.
2026-05-15 10:00:51 [INFO] FIX: Recalculating grand_total_gtc_tts from gtc_tts_tinh.
2026-05-15 10:00:51 [INFO] FIX: Data repair completed and saved.
2026-05-15 10:16:02 [INFO] Data validation passed. No fixes needed.
2026-05-15 10:20:49 [INFO] FIX: Recalculating grand_total_gtc_tts from gtc_tts_tinh.
2026-05-15 10:20:49 [INFO] FIX: Data repair completed and saved.
2026-05-15 10:26:02 [INFO] Data validation passed. No fixes needed.
2026-05-15 14:19:56 [INFO] Data validation passed. No fixes needed.
2026-05-15 14:22:40 [INFO] Data validation passed. No fixes needed.
2026-05-15 14:25:43 [INFO] Data validation passed. No fixes needed.
2026-05-15 14:35:53 [INFO] FIX: Recalculating grand_total_gtc_tts from gtc_tts_tinh.
2026-05-15 14:35:53 [INFO] FIX: Data repair completed and saved.
2026-05-15 14:37:16 [INFO] Data validation passed. No fixes needed.
